[   0.00000] Linux version 4.15.0-153-enri(bilddgw1-md-004 (c veio 7.5 (Ubunu .5.0-3ubuntu1~18.04) 60-Ubuntu SMP Thu Jul 29 06:54:29 UTC 2021 (Ubuntu 4.15.0-153.160-generic 4.15.18)
[    0.000000] Command line: BOOT_IMAGE=/boot/vmlinuz-4.15.0-153-generic root=LABEL=cloudimg-rootfs ro console=tty1 console=ttyS0
[    0.000000] KERNEL supported cpus:
[    0.000000]   Intel GenuineIntel
[    0.000000]   AMD AuthenticAMD
[    0.000000]   Centaur CentaurHauls
[    0.000000] x86/fpu: Supporting XSAVE feature 0x001: 'x87 floating point registers'
[    0.000000] x86/fpu: Supporting XSAVE feature 0x002: 'SSE registers'
[    0.000000] x86/fpu: Supporting XSAVE feature 0x004: 'AVX registers'
[    0.000000] x86/fpu: xstate_offset[2]:  576, xstate_sizes[2]:  256
[    0.000000] x86/fpu: Enabled xstate features 0x7, context size is 832 bytes, using 'standard' format.
[    0.000000] e820: BIOS-provided physical RAM map:
[    0.000000] BIOS-e820: [mem 00000000000000-0x00000000009fbff] usable
[    0.000000] BIOS-e820: [mem 0x000000000009fc00-0x000000000009ffff] reserved
[    0.000000] BIOS-e820: [mem 0x00000000000f0000-0x00000000000fffff] reserved
[    0.000000] BIOS-e820: [mem 0x0000000000100000-0x000000007ffeffff] usable
[    0.000000] BIOS-e820: [mem 0x000000007fff0000-0x000000007fffffff] ACPI data
[    0.000000] BIOS-e820: [mem 0x00000000fec00000-0x00000000fec00fff] reserved
[    0.000000] BIOS-e820: [mem 0x00000000fee00000-0x00000000fee00fff] reserved
[    0.000000] BIOS-e820: [mem 0x00000000fffc0000-0x00000000ffffffff] reserved
[    0.000000] NX (Execute Disable) protection: active
[    0.000000] SMBIOS 2.5 present.
[    0.000000] DMI: innotek GmbH VirtualBox/VirtualBox, BIOS VirtualBox 12/01/2006
[    0.000000] Hypervisor detected: KVM
[    0.000000] e820: last_pfn = 0x7fff0 max_arch_pfn = 0x400000000
[    0.000000] MTRR: Disabled
[    0.000000] x86/PAT: MTRRs disabled, skipping PAT initialization too.
[    0.000000] CPU MTRRs all blank - virtualized system.
[    0.000000] x86/PAT: Configuration [0-7]: WB  WT  UC- UC  WB  WT  UC- UC  
[    0.000000] found SMP MP-table at [mem 0x0009fff0-0x0009ffff]
[    0.000000] Scanning 1 areas for low memory corruption
[    0.000000] RAMDISK: [mem 0x359cd000-0x36cddfff]
[    0.000000] ACPI: Early table checksum verification disabled
[    0.000000] ACPI: RSDP 0x00000000000E0000 000024 (v02 VBOX  )
[   .000000] ACPI: XSDT 0x000000007FFF0030 00003C (v01 VBOX   VBOXXSDT 00000001 ASL  00000061)
[    0.000000] ACPI: FACP 0x000000007FFF00F0 0000F4 (v04 VBOX   VBOXFACP 00000001 ASL  00000061)
[    0.000000] ACPI: DSDT 0x000000007FFF0470 0021FF (v02 VBOX   VBOXBIOS 00000002 INTL 20100528)
[    0.000000] ACPI: FACS 0x000000007FFF0200 000040
[    0.000000] ACPI: FACS 0x000000007FFF0200 000040
[    0.000000] ACPI: APIC 0x000000007FFF0240 00005C (v02 VBOX   VBOXAPIC 00000001 ASL  00000061)
[    0.000000] ACPI: SSDT 0x000000007FFF02A0 0001CC (v01 VBOX   VBOXCPUT 00000002 INTL 20100528)
[    0.000000] ACPI: Reserving FACP table memory at [mem 0x7fff00f0-0x7fff01e3]
[    0.000000] ACPI: Reserving DSDT table memory at [mem 0x7fff0470-0x7fff266e]
[    0.000000] ACPI: Reserving FACS table memory at [mem 0x7fff0200-0x7fff023f]
[    0.000000] ACPI: Reserving FACS table memory at [mem 0x7fff0200-0x7fff023f]
[    0.000000] ACPI: Reserving APIC table memory at [mem 0x7fff0240-0x7fff029b]
[    0.000000] ACPI: Reserving SSDT table memory at [mem 0x7fff02a0-0x7fff046b]
[  0.000000] No NUMA configuration found
[    0.000000] Faking a node at [mem 0x0000000000000000-0x000000007ffeffff]
[    0.000000] NODE_DATA(0) allocated [mem 0x7ffc5000-0x7ffeffff]
[    0.000000] kvm-clock: cpu 0, msr 0:7ff44001, primary cpu clock
[    0.000000] kvm-clock: Using msrs 4b564d01 and 4b564d00
[    0.000000] kvm-clock: using sched offset of 3459996098 cycles
[    0.000000] clocksource: kvm-clock: mask: 0xffffffffffffffff max_cycles: 0x1cd42e4dffb, max_idle_ns: 881590591483 ns
[    0.000000] Zone ranges:
[    0.000000]   DMA      [mem 0x0000000000001000-0x0000000000ffffff]
[    0.000000]   DMA32    [mem 0x0000000001000000-0x000000007ffeffff]
[    0.000000]   Normal   empty
[    0.000000]   Device   empty
[    0.000000] Movable zone start for each node
[    0.000000] Early memory node ranges
[    0.000000]   node   0: [mem 0x0000000000001000-0x000000000009efff]
[    0.000000]   node   0: [mem 0x0000000000100000-0x000000007ffeffff]
[    0.000000] Reserved but unavailable: 104 pages
[    0.000000] Initmem setup node 0 [mem 0x0000000000001000-0x000000007ffeffff]
[    0.000000] ACPI: PM-Timer IO Port: 0x4008
[    0.000000] IOAPIC[0]: apic_id 2, version 32, address 0xfec00000, GSI 0-23
[    0.000000] ACPI: INT_SRC_OVR (bus 0 bus_irq 0 global_irq 2 dfl dfl)
[    0.000000] ACPI: INT_SRC_OVR (bus 0 bus_irq 9 global_irq 9 low level)
[    0.000000] Using ACPI (MADT) for SMP configuration information
[    0.000000] smpboot: Allowing 2 CPUs, 0 hotplug CPUs
[    0.000000] PM: Registered nosave memory: [mem 0x00000000-0x00000fff]
[    0.000000] PM: Registered nosave memory: [mem 0x0009f000-0x0009ffff]
[    0.000000] PM: Registered nosave memory: [mem 0x000a0000-0x000effff]
[    0.000000] PM: Registered nosave memory: [mem 0x000f0000-0x000fffff]
[    0.000000] e820: [mem 0x80000000-0xfebfffff] available for PCI devices
[    0.000000] Booting paravirtualized kernel on KVM
[    0.000000] clocksource: refined-jiffies: mask: 0xffffffff max_cycles: 0xffffffff, max_idle_ns: 7645519600211568 ns
[    0.000000] random: get_random_bytes called from start_kernel+0x99/0x500 with crng_init=0
[    0.000000] setup_percpu: NR_CPUS:8192 nr_cpumask_bits:2 nr_cpu_ids:2 nr_node_ids:1
[    0.000000] percpu: Embedded 45 pages/cpu s147456 r8192 d28672 u1048576
[    0.000000] PV qspinlock hash table entries: 256 (order: 0, 4096 bytes)
[    0.000000] Built 1 zonelists, mobility grouping on.  Total pages: 515961
[    0.000000] Policy zone: DMA32
[    0.000000] Kernel command line: BOOT_IMAGE=/boot/vmlinuz-4.15.0-153-generic root=LABEL=cloudimg-rootfs ro console=tty1 console=ttyS0
[    0.000000] Memory: 2014904K/2096696K available (12300K kernel code, 2483K rwdata, 4320K rodata, 2448K init, 2724K bss, 81792K reserved, 0K cma-reserved)
[    0.000000] SLUB: HWalign=64, Order=0-3, MinObjects=0, CPUs=2, Nodes=1
[    0.000000] ftrace: allocating 39460 entries in 155 pages
[    0.004000] Hierarchical RCU implementation.
[    0.004000] 	RCU restricting CPUs from NR_CPUS=8192 to nr_cpu_ids=2.
[    0.004000] 	Tasks RCU enabled.
[    0.004000] RCU: Adjusting geometry for rcu_fanout_leaf=16, nr_cpu_ids=2
[    0.004000] NR_IRQS: 524544, nr_irqs: 440, preallocated irqs: 16
[    0.004000] Console: colour VGA+ 80x25
[    0.004000] console [tty1] enabled
[    0.004000] console [ttyS0] enabled
[    0.004000] ACPI: Core revision 20170831
[    0.004000] ACPI: 2 ACPI AML tables successfully acquired and loaded
[    0.004000] APIC: Switch to symmetric I/O mode setup
[    0.004000] x2apic enabled
[    0.004000] Switched APIC routing to physical x2apic.
[    0.004000] ..TIMER: vector=0x30 apic1=0 pin1=2 apic2=-1 pin2=-1
[    0.004003] tsc: Detected 2112.002 MHz processor
[    0.004713] Calibrating delay loop (skipped) preset value.. 4224.00 BogoMIPS (lpj=8448008)
[    0.005227] pid_max: default: 32768 minimum: 301
[    0.005962] Security Framework initialized
[    0.006614] Yama: becoming mindful.
[    0.007183] AppArmor: AppArmor initialized
[    0.010481] Dentry cache hash table entries: 262144 (order: 9, 2097152 bytes)
[    0.014326] Inode-cache hash table entries: 131072 (order: 8, 1048576 bytes)
[    0.015245] Mount-cache hash table entries: 4096 (order: 3, 32768 bytes)
[    0.016005] Mountpoint-cache hash table entries: 4096 (order: 3, 32768 bytes)
[    0.020210] Last level iTLB entries: 4KB 64, 2MB 8, 4MB 8
[    0.020909] Last level dTLB entries: 4KB 64, 2MB 0, 4MB 0, 1GB 4
[    0.021673] Spectre V1 : Mitigation: usercopy/swapgs barriers and __user pointer sanitization
[    0.024077] unchecked MSR access error: WRMSR to 0x48 (tried to write 0x0000000000000001) at rIP: 0xffffffff95a6e1b8 (native_write_msr+0x8/0x30)
[    0.025814] Call Trace:
[    0.026160]  wrmsrl+0x16/0x20
[    0.026562]  check_bugs+0x263/0xa1b
[    0.027052]  ? delayacct_init+0x52/0x70
[    0.028003]  start_kernel+0x4b8/0x500
[    0.028570]  x86_64_start_reservations+0x24/0x26
[    0.029152]  x86_64_start_kernel+0x74/0x77
[    0.029706]  secondary_startup_64+0xa5/0xb0
[    0.030278] Spectre V2 : Mitigation: Enhanced IBRS
[    0.030869] Spectre V2 : Spectre v2 / SpectreRSB mitigation: Filling RSB on context switch
[    0.032001] Speculative Store Bypass: Vulnerable
[    0.036004] SRBDS: Mitigation: TSX disabled
[    0.036723] Freeing SMP alternatives memory: 36K
[    0.147139] smpboot: CPU0: Intel(R) Core(TM) i5-10210U CPU @ 1.60GHz (family: 0x6, model: 0x8e, stepping: 0xc)
[    0.148063] Performance Events: unsupported p6 CPU model 142 no PMU driver, software events only.
[    0.149316] Hierarchical SRCU implementation.
[    0.150541] NMI watchdog: Perf event create on CPU 0 failed with -2
[    0.151477] NMI watchdog: Perf NMI watchdog permanently disabled
[    0.152029] smp: Bringing up secondary CPUs ...
[    0.152736] x86: Booting SMP configuration:
[    0.153481] .... node  #0, CPUs:      #1
[    0.004000] kvm-clock: cpu 1, msr 0:7ff44041, secondary cpu clock
[    0.158828] smp: Brought up 1 node, 2 CPUs
[    0.158828] smpboot: Max logical packages: 1
[    0.160004] smpboot: Total of 2 processors activated (8448.00 BogoMIPS)
[    0.161054] devtmpfs: initialized
[    0.161054] x86/mm: Memory block size: 128MB
[    0.161226] evm: security.selinux
[    0.161715] evm: security.SMACK64
[    0.162185] evm: security.SMACK64EXEC
[    0.162685] evm: security.SMACK64TRANSMUTE
[    0.164002] evm: security.SMACK64MMAP
[    0.164504] evm: security.apparmor
[    0.164978] evm: security.ima
[    0.165398] evm: security.capability
[    0.165920] clocksource: jiffies: mask: 0xffffffff max_cycles: 0xffffffff, max_idle_ns: 7645041785100000 ns
[    0.165920] futex hash table entries: 512 (order: 3, 32768 bytes)
[    0.168027] pinctrl core: initialized pinctrl subsystem
[    0.168872] RTC time:  4:05:47, date: 08/14/21
[    0.169643] NET: Registered protocol family 16
[    0.170427] audit: initializing netlink subsys (disabled)
[    0.172016] audit: type=2000 audit(1628913951.960:1): state=initialized audit_enabled=0 res=1
[    0.172145] cpuidle: using governor ladder
[    0.172551] cpuidle: using governor menu
[    0.176034] ACPI: bus type PCI registered
[    0.176614] acpiphp: ACPI Hot Plug PCI Controller Driver version: 0.5
[    0.178029] PCI: Using configuration type 1 for base access
[    0.180764] HugeTLB registered 2.00 MiB page size, pre-allocated 0 pages
[    0.184051] ACPI: Added _OSI(Module Device)
[    0.184618] ACPI: Added _OSI(Processor Device)
[    0.185178] ACPI: Added _OSI(3.0 _SCP Extensions)
[    0.188002] ACPI: Added _OSI(Processor Aggregator Device)
[    0.192005] ACPI: Added _OSI(Linux-Dell-Video)
[    0.192634] ACPI: Added _OSI(Linux-Lenovo-NV-HDMI-Audio)
[    0.196002] ACPI: Added _OSI(Linux-HPI-Hybrid-Graphics)
[    0.196989] ACPI: Executed 1 blocks of module-level executable AML code
[    0.201212] ACPI: Interpreter enabled
[    0.201754] ACPI: (supports S0 S5)
[    0.204003] ACPI: Using IOAPIC for interrupt routing
[    0.204918] PCI: Using host bridge windows from ACPI; if necessary, use "pci=nocrs" and report a bug
[    0.206331] ACPI: Enabled 2 GPEs in block 00 to 07
[    0.212775] ACPI: PCI Root Bridge [PCI0] (domain 0000 [bus 00-ff])
[    0.213664] acpi PNP0A03:00: _OSC: OS supports [ASPM ClockPM Segments MSI]
[    0.214616] acpi PNP0A03:00: _OSC: not requesting OS control; OS requires [ExtendedConfig ASPM ClockPM MSI]
[    0.216000] acpi PNP0A03:00: fail to add MMCONFIG information, can't access extended PCI configuration space under this bridge.
[    0.216236] PCI host bridge to bus 0000:00
[    0.216922] pci_bus 0000:00: root bus resource [io  0x0000-0x0cf7 window]
[    0.217942] pci_bus 0000:00: root bus resource [io  0x0d00-0xffff window]
[    0.220002] pci_bus 0000:00: root bus resource [mem 0x000a0000-0x000bffff window]
[    0.224004] pci_bus 0000:00: root bus resource [mem 0x80000000-0xfdffffff window]
[    0.225094] pci_bus 0000:00: root bus resource [bus 00-ff]
[    0.228273] pci 0000:00:01.1: legacy IDE quirk: reg 0x10: [io  0x01f0-0x01f7]
[    0.229278] pci 0000:00:01.1: legacy IDE quirk: reg 0x14: [io  0x03f6]
[    0.230186] pci 0000:00:01.1: legacy IDE quirk: reg 0x18: [io  0x0170-0x0177]
[    0.232003] pci 0000:00:01.1: legacy IDE quirk: reg 0x1c: [io  0x0376]
[    0.250438] pci 0000:00:07.0: quirk: [io  0x4000-0x403f] claimed by PIIX4 ACPI
[    0.252018] pci 0000:00:07.0: quirk: [io  0x4100-0x410f] claimed by PIIX4 SMB
[    0.271269] ACPI: PCI Interrupt Link [LNKA] (IRQs 5 9 10 *11)
[    0.272268] ACPI: PCI Interrupt Link [LNKB] (IRQs 5 9 *10 11)
[    0.276091] ACPI: PCI Interrupt Link [LNKC] (IRQs 5 *9 10 11)
[    0.277064] ACPI: PCI Interrupt Link [LNKD] (IRQs 5 9 10 *11)
[    0.280233] SCSI subsystem initialized
[    0.284040] pci 0000:00:02.0: vgaarb: setting as boot VGA device
[    0.288000] pci 0000:00:02.0: vgaarb: VGA device added: decodes=io+mem,owns=io+mem,locks=none
[    0.288012] pci 0000:00:02.0: vgaarb: bridge control possible
[    0.288842] vgaarb: loaded
[    0.289334] ACPI: bus type USB registered
[    0.289972] usbcore: registered new interface driver usbfs
[    0.290748] usbcore: registered new interface driver hub
[    0.292008] usbcore: registered new device driver usb
[    0.292806] EDAC MC: Ver: 3.0.0
[    0.296012] PCI: Using ACPI for IRQ routing
[    0.296741] NetLabel: Initializing
[    0.297189] NetLabel:  domain hash size = 128
[    0.297774] NetLabel:  protocols = UNLABELED CIPSOv4 CALIPSO
[    0.298704] NetLabel:  unlabeled traffic allowed by default
[    0.299545] clocksource: Switched to clocksource kvm-clock
[    0.310677] VFS: Disk quotas dquot_6.6.0
[    0.311291] VFS: Dquot-cache hash table entries: 512 (order 0, 4096 bytes)
[    0.312168] AppArmor: AppArmor Filesystem Enabled
[    0.312793] pnp: PnP ACPI init
[    0.313905] pnp: PnP ACPI: found 3 devices
[    0.322202] clocksource: acpi_pm: mask: 0xffffff max_cycles: 0xffffff, max_idle_ns: 2085701024 ns
[    0.323516] NET: Registered protocol family 2
[    0.324286] TCP established hash table entries: 16384 (order: 5, 131072 bytes)
[    0.325353] TCP bind hash table entries: 16384 (order: 6, 262144 bytes)
[    0.326359] TCP: Hash tables configured (established 16384 bind 16384)
[    0.329594] UDP hash table entries: 1024 (order: 3, 32768 bytes)
[    0.330463] UDP-Lite hash table entries: 1024 (order: 3, 32768 bytes)
[    0.331363] NET: Registered protocol family 1
[    0.332002] pci 0000:00:00.0: Limiting direct PCI/PCI transfers
[    0.332934] pci 0000:00:01.0: Activating ISA DMA hang workarounds
[    0.333878] pci 0000:00:02.0: Video device with shadowed ROM at [mem 0x000c0000-0x000dffff]
[    0.335126] Unpacking initramfs...
[    0.620024] Freeing initrd memory: 19524K
[    0.682728] clocksource: tsc: mask: 0xffffffffffffffff max_cycles: 0x1e717a67afe, max_idle_ns: 440795258295 ns
[    0.778314] platform rtc_cmos: registered platform RTC device (no PNP device found)
[    0.779858] Scanning for low memory corruption every 60 seconds
[    0.781599] Initialise system trusted keyrings
[    0.784986] Key type blacklist registered
[    0.785785] workingset: timestamp_bits=36 max_order=19 bucket_order=0
[    0.787541] zbud: loaded
[    0.791022] squashfs: version 4.0 (2009/01/31) Phillip Lougher
[    0.792343] fuse init (API version 7.26)
[    0.795109] Key type asymmetric registered
[    0.795942] Asymmetric key parser 'x509' registered
[    0.796810] Block layer SCSI generic (bsg) driver version 0.4 loaded (major 246)
[    0.798031] io scheduler noop registered
[    0.798705] io scheduler deadline registered
[    0.799409] io scheduler cfq registered (default)
[    0.800353] ACPI: AC Adapter [AC] (on-line)
[    0.801065] input: Power Button as /devices/LNXSYSTM:00/LNXPWRBN:00/input/input0
[    0.802252] ACPI: Power Button [PWRF]
[    0.802956] input: Sleep Button as /devices/LNXSYSTM:00/LNXSLPBN:00/input/input1
[    0.804102] ACPI: Sleep Button [SLPF]
[    0.805674] ACPI: Battery Slot [BAT0] (battery present)
[    0.806665] Serial: 8250/16550 driver, 32 ports, IRQ sharing enabled
[    0.829606] 00:02: ttyS0 at I/O 0x3f8 (irq = 4, base_baud = 115200) is a 16550A
[    0.832597] Linux agpgart interface v0.103
[    0.834189] loop: module loaded
[    0.835029] scsi host0: ata_piix
[    0.835635] scsi host1: ata_piix
[    0.836148] ata1: PATA max UDMA/33 cmd 0x1f0 ctl 0x3f6 bmdma 0xd000 irq 14
[    0.851224] ata2: PATA max UDMA/33 cmd 0x170 ctl 0x376 bmdma 0xd008 irq 15
[    0.852531] libphy: Fixed MDIO Bus: probed
[    0.853165] tun: Universal TUN/TAP device driver, 1.6
[    0.854021] PPP generic driver version 2.4.2
[    0.854737] ehci_hcd: USB 2.0 'Enhanced' Host Controller (EHCI) Driver
[    0.855704] ehci-pci: EHCI PCI platform driver
[    0.856396] ehci-platform: EHCI generic platform driver
[    0.857186] ohci_hcd: USB 1.1 'Open' Host Controller (OHCI) Driver
[    0.858079] ohci-pci: OHCI PCI platform driver
[    0.858766] ohci-platform: OHCI generic platform driver
[    0.859577] uhci_hcd: USB Universal Host Controller Interface driver
[    0.860612] i8042: PNP: PS/2 Controller [PNP0303:PS2K,PNP0f03:PS2M] at 0x60,0x64 irq 1,12
[    0.862249] serio: i8042 KBD port at 0x60,0x64 irq 1
[    0.863013] serio: i8042 AUX port at 0x60,0x64 irq 12
[    0.863893] mousedev: PS/2 mouse device common for all mice
[    0.865182] input: AT Translated Set 2 keyboard as /devices/platform/i8042/serio0/input/input2
[    0.866482] rtc_cmos rtc_cmos: rtc core: registered rtc_cmos as rtc0
[    0.867570] rtc_cmos rtc_cmos: alarms up to one day, 114 bytes nvram
[    0.868541] i2c /dev entries driver
[    0.869143] device-mapper: uevent: version 1.0.3
[    0.869992] device-mapper: ioctl: 4.37.0-ioctl (2017-09-20) initialised: dm-devel@redhat.com
[    0.871291] ledtrig-cpu: registered to indicate activity on CPUs
[    0.872468] NET: Registered protocol family 10
[    0.875318] Segment Routing with IPv6
[    0.875918] NET: Registered protocol family 17
[    0.876699] Key type dns_resolver registered
[    0.877487] mce: Using 0 MCE banks
[    0.878041] RAS: Correctable Errors collector initialized.
[    0.878856] sched_clock: Marking stable (877468603, 0)->(1960521266, -1083052663)
[    0.880296] registered taskstats version 1
[    0.888730] Loading compiled-in X.509 certificates
[    0.890836] Loaded X.509 cert 'Build time autogenerated kernel key: 697c210032c6abbec5653106d7fd766083a73612'
[    0.892727] Loaded X.509 cert 'Canonical Ltd. Live Patch Signing: 14df34d1a87cf37625abec039ef2bf521249b969'
[    0.894625] Loaded X.509 cert 'Canonical Ltd. Kernel Module Signing: 88f752e560a1e0737e31163a466ad7b70a850c19'
[    0.896155] zswap: loaded using pool lzo/zbud
[    0.898776] Key type big_key registered
[    0.899387] Key type trusted registered
[    0.900875] Key type encrypted registered
[    0.901500] AppArmor: AppArmor sha1 policy hashing enabled
[    0.909046] ima: No TPM chip found, activating TPM-bypass! (rc=-19)
[    0.910038] ima: Allocated hash algorithm: sha1
[    0.910739] evm: HMAC attrs: 0x1
[    0.911440]   Magic number: 1:0:60
[    0.912079] rtc_cmos rtc_cmos: setting system clock to 2021-08-14 04:05:48 UTC (1628913948)
[    0.913420] BIOS EDD facility v0.16 2004-Jun-25, 0 devices found
[    0.914310] EDD information not available.
[    1.020092] Freeing unused kernel image memory: 2448K
[    1.168729] Write protecting the kernel read-only data: 20480k
[    1.228011] Freeing unused kernel image memory: 2008K
[    1.228925] Freeing unused kernel image memory: 1824K
[    1.236169] x86/mm: Checked W+X mappings: passed, no W+X pages found.
Loading, please wait...
starting version 237
[    1.279721] e1000: Intel(R) PRO/1000 Network Driver - version 7.3.21-k8-NAPI
[    1.286486] e1000: Copyright (c) 1999-2006 Intel Corporation.
[    1.288941] Fusion MPT base driver 3.04.20
[    1.289558] Copyright (c) 1999-2008 LSI Corporation
[    1.297597] Fusion MPT SPI Host driver 3.04.20
[    1.302184] mptbase: ioc0: Initiating bringup
[    1.305630] AVX2 version of gcm_enc/dec engaged.
[    1.306443] AES CTR mode by8 optimization enabled
[    1.400975] ioc0: LSI53C1030 A0: Capabilities={Initiator}
[    1.565665] input: ImExPS/2 Generic Explorer Mouse as /devices/platform/i8042/serio1/input/input4
[    1.800924] scsi host2: ioc0: LSI53C1030 A0, FwRev=00000000h, Ports=1, MaxQ=256, IRQ=20
[    1.970582] scsi 2:0:0:0: Direct-Access     VBOX     HARDDISK         1.0  PQ: 0 ANSI: 5
[    2.188674] scsi target2:0:0: Beginning Domain Validation
[    2.839372] scsi target2:0:0: Domain Validation skipping write tests
[    2.883222] scsi target2:0:0: Ending Domain Validation
[    2.884410] scsi target2:0:0: asynchronous
[    2.885756] scsi 2:0:1:0: Direct-Access     VBOX     HARDDISK         1.0  PQ: 0 ANSI: 5
[    3.107274] scsi target2:0:1: Beginning Domain Validation
[    3.108740] random: fast init done
[    3.109506] scsi target2:0:1: Domain Validation skipping write tests
[    3.110549] scsi target2:0:1: Ending Domain Validation
[    3.111486] scsi target2:0:1: asynchronous
[    3.114953] random: systemd-udevd: uninitialized urandom read (16 bytes read)
[    3.114978] sd 2:0:0:0: Attached scsi generic sg0 type 0
[    3.116738] random: systemd-udevd: uninitialized urandom read (16 bytes read)
[    3.118832] random: systemd-udevd: uninitialized urandom read (16 bytes read)
[    3.120157] sd 2:0:1:0: Attached scsi generic sg1 type 0
[    3.120168] sd 2:0:0:0: [sda] 83886080 512-byte logical blocks: (42.9 GB/40.0 GiB)
[    3.122540] sd 2:0:0:0: [sda] Write Protect is off
[    3.123443] sd 2:0:1:0: [sdb] 20480 512-byte logical blocks: (10.5 MB/10.0 MiB)
[    3.124433] sd 2:0:0:0: [sda] Incomplete mode parameter data
[    3.125818] sd 2:0:0:0: [sda] Assuming drive cache: write through
[    3.128913] sd 2:0:1:0: [sdb] Write Protect is off
[    3.129866] sd 2:0:1:0: [sdb] Incomplete mode parameter data
[    3.130973] sd 2:0:1:0: [sdb] Assuming drive cache: write through
[    3.138022] e1000 0000:00:03.0 eth0: (PCI:33MHz:32-bit) 02:bb:09:5e:a9:26
[    3.139276] e1000 0000:00:03.0 eth0: Intel(R) PRO/1000 Network Connection
[    3.140525]  sda: sda1
[    3.141765] sd 2:0:0:0: [sda] Attached SCSI disk
[    3.142775] sd 2:0:1:0: [sdb] Attached SCSI disk
[    3.512527] e1000 0000:00:08.0 eth1: (PCI:33MHz:32-bit) 08:00:27:f6:87:e2
[    3.513741] e1000 0000:00:08.0 eth1: Intel(R) PRO/1000 Network Connection
[    3.515813] e1000 0000:00:08.0 enp0s8: renamed from eth1
[    3.548990] e1000 0000:00:03.0 enp0s3: renamed from eth0
Begin: Loading essential drivers ... [    4.980273] raid6: sse2x1   gen() 13252 MB/s
[    5.060324] raid6: sse2x1   xor()  7200 MB/s
[    5.108137] raid6: sse2x2   gen() 16510 MB/s
[    5.180350] raid6: sse2x2   xor() 10916 MB/s
[    5.304790] raid6: sse2x4   gen() 18278 MB/s
[    5.456127] raid6: sse2x4   xor() 10304 MB/s
[    5.624434] raid6: avx2x1   gen() 24450 MB/s
[    5.672259] raid6: avx2x1   xor() 14382 MB/s
[    5.720082] raid6: avx2x2   gen() 28848 MB/s
[    5.768391] raid6: avx2x2   xor() 19785 MB/s
[    5.972369] raid6: avx2x4   gen() 35791 MB/s
[    6.068121] raid6: avx2x4   xor() 21563 MB/s
[    6.079080] raid6: using algorithm avx2x4 gen() 35791 MB/s
[    6.079913] raid6: .... xor() 21563 MB/s, rmw enabled
[    6.080660] raid6: using avx2x2 recovery algorithm
[    6.082258] xor: automatically using best checksumming function   avx       
[    6.084244] async_tx: api initialized (async)
done.
Begin: Running /scripts/init-premount ... done.
Begin: Mounting root file system ... Begin: Running /scripts/local-top ... done.
Begin: Running /scripts/local-premount ... [    6.121688] Btrfs loaded, crc32c=crc32c-intel
Scanning for Btrfs filesystems
done.
Warning: fsck not present, so skipping root file system
[    6.138780] EXT4-fs (sda1): mounted filesystem with ordered data mode. Opts: (null)
done.
Begin: Running /scripts/local-bottom ... done.
Begin: Running /scripts/init-bottom ... done.
[    6.257804] ip_tables: (C) 2000-2006 Netfilter Core Team
[    6.263170] systemd[1]: systemd 237 running in system mode. (+PAM +AUDIT +SELINUX +IMA +APPARMOR +SMACK +SYSVINIT +UTMP +LIBCRYPTSETUP +GCRYPT +GNUTLS +ACL +XZ +LZ4 +SECCOMP +BLKID +ELFUTILS +KMOD -IDN2 +IDN -PCRE2 default-hierarchy=hybrid)
[    6.266280] systemd[1]: Detected virtualization oracle.
[    6.267092] systemd[1]: Detected architecture x86-64.

Welcome to [1mUbuntu 18.04.5 LTS[0m!

[    6.271500] systemd[1]: Set hostname to <ubuntu>.
[    6.274048] systemd[1]: Initializing machine ID from random generator.
[    6.275046] systemd[1]: Installed transient /etc/machine-id file.
[    6.474440] systemd[1]: Reached target User and Group Name Lookups.
[[0;32m  OK  [0m] Reached target User and Group Name Lookups.
[    6.477536] systemd[1]: Created slice User and Session Slice.
[[0;32m  OK  [0m] Created slice User and Session Slice.
[    6.479407] systemd[1]: Reached target Swap.
[[0;32m  OK  [0m] Reached target Swap.
[    6.480993] systemd[1]: Started Forward Password Requests to Wall Directory Watch.
[[0;32m  OK  [0m] Started Forward Password Requests to Wall Directory Watch.
[[0;32m  OK  [0m] Set up automount Arbitrary Executab…rmats File System Automount Point.
[[0;32m  OK  [0m] Created slice System Slice.
[[0;32m  OK  [0m] Created slice system-serial\x2dgetty.slice.
[[0;32m  OK  [0m] Listening on LVM2 poll daemon socket.
[[0;32m  OK  [0m] Listening on Journal Socket (/dev/log).
[[0;32m  OK  [0m] Listening on udev Kernel Socket.
[[0;32m  OK  [0m] Listening on LVM2 metadata daemon socket.
[[0;32m  OK  [0m] Listening on udev Control Socket.
[[0;32m  OK  [0m] Reached target Slices.
[[0;32m  OK  [0m] Listening on fsck to fsckd communication Socket.
[[0;32m  OK  [0m] Listening on Syslog Socket.
[[0;32m  OK  [0m] Listening on Journal Socket.
         Mounting Kernel Debug File System...
         Mounting POSIX Message Queue File System...
         Starting Load Kernel Modules...
         Starting File System Check on Root Device...
         Starting Set the console keyboard layout...
         Starting Create list of required st…ce nodes for the current kernel...
[[0;32m  OK  [0m] Listening on Device-mapper event daemon FIFOs.
[[0;32m  OK  [0m] Listening on Journal Audit Socket.
         Starting Journal Service...
         Starting Monitoring of LVM2 mirrors…ng dmeventd or progress polling...
[[0;32m  OK  [0m] Listening on Network Service Netlink Socket.
         Starting udev Coldplug all Devices...[    6.538562] Loading iSCSI transport class v2.0-870.

         Starting Uncomplicated firewall...
[[0;32m  OK  [0m] Listening on /dev/initctl Compatibility Named Pipe.
[[0;32m  OK  [0[    6.545473] iscsi: registered transport (tcp)
m] Reached target System Time Synchronized.
         Mounting Huge Pages File System...
[[0;32m  OK  [0m] Mounted Kernel Debug File System.
[[0;32m  OK  [0m] Mounted POSIX Message Queue File System.
[[0;32m  OK  [0m] Mounted Huge Pages File System.
[    6.560061] iscsi: registered transport (iser)
[[0;32m  OK  [0m] Started Load Kernel Modules.
[[0;32m  OK  [0m] Started File System Check Daemon to report status.
         Mounting FUSE Control File System...
         Starting Apply Kernel Variables...
         Mounting Kernel Configuration File System...
[[0;32m  OK  [0m] Mounted FUSE Control File System.
[[0;32m  OK  [0m] Mounted Kernel Configuration File System.
[[0;32m  OK  [0m] Started Create list of required sta…vice nodes for the current kernel.
         Starting Create Static Device Nodes in /dev...
[[0;32m  OK  [0m] Started Journal Service.
[[0;32m  OK  [0m] Started LVM2 metadata daemon.
[[0;32m  OK  [0m] Started Uncomplicated firewall.
[[0;32m  OK  [0m] Started udev Coldplug all Devices.
[[0;32m  OK  [0m] Started File System Check on Root Device.
         Starting Remount Root and Kernel File Systems...
[[0;32m  OK  [0m] Started Create Static Device Nodes in /dev.
[[0;32m  OK  [0m] Started Apply Kernel Variables.
[[0;32m  OK  [0m] Started Remount Root and Kernel File Systems.
[[0;32m  OK  [0m] Started Monitoring of LVM2 mirrors,…sing dmeventd or progress polling.
[[0;32m  OK  [0m] Started Set the console keyboard layout.
[[0;32m  OK  [0m] Reached target Local File Systems (Pre).
         Starting Load/Save Random Seed...
         Starting udev Kernel Device Manager...
[[0;32m  OK  [0m] Reached target Local File Systems.
         Starting AppArmor initialization...
         Starting Commit a transient machine-id on disk...
         Starting Tell Plymouth To Write Out Runtime Data...
         Starting Set console font and keymap...
         Starting ebtables ruleset management...
         Starting Flush Journal to Persistent Storage...
[[0;32m  OK  [0m] Started Load/Save Random Seed.
[[0;32m  OK  [0m] Started udev Kernel Device Manager.
[[0;32m  OK  [0m] Started Dispatch Password Requests to Console Directory Watch.
[[0;32m  OK  [0m] Reached target Local Encrypted Volumes.
[[0;32m  OK  [0m] Started Tell Plymouth To Write Out Runtime Data.
[[0;32m  OK  [0m] Started Set console font and keymap.
[[0;32m  OK  [0m] Started Flush Journal to Persistent Storage.
         Starting Create Volatile Files and Directories...
[[0;32m  OK  [0m] Started Commit a transient machine-id on disk.
[[0;32m  OK  [0m] Started Create Volatile Files and Directories.
[[0;32m  OK  [0m] Started ebtables ruleset management.
         Starting Update UTMP about System Boot/Shutdown...
[[0;32m  OK  [0m] Started Update UTMP about System Boot/Shutdown.
[[0;32m  OK  [0m] Found device /dev/ttyS0.
[[0;32m  OK  [0m] Listening on Load/Save RF Kill Switch Status /dev/rfkill Watch.
[[0;32m  OK  [0m] Started AppArmor initialization.
         Starting Initial cloud-init job (pre-networking)...
         Starting Load AppArmor profiles managed internally by snapd...
[[0;32m  OK  [0m] Started Load AppArmor profiles managed internally by snapd.
[    8.383584] cloud-init[574]: Cloud-init v. 21.2-3-g899bfaa9-0ubuntu2~18.04.1 running 'init-local' at Sat, 14 Aug 2021 04:05:55 +0000. Up 8.11 seconds.
[[0;32m  OK  [0m] Started Initial cloud-init job (pre-networking).
[[0;32m  OK  [0m] Reached target Network (Pre).
         Starting Network Service...
[[0;32m  OK  [0m] Started Network Service.
         Starting Wait for Network to be Configured...
         Starting Network Name Resolution...
[[0;32m  OK  [0m] Started Network Name Resolution.
[[0;32m  OK  [0m] Reached target Host and Network Name Lookups.
[[0;32m  OK  [0m] Reached target Network.
[[0;32m  OK  [0m] Started Wait for Network to be Configured.
         Starting Initial cloud-init job (metadata service crawler)...
[   10.555713] cloud-init[729]: Cloud-init v. 21.2-3-g899bfaa9-0ubuntu2~18.04.1 running 'init' at Sat, 14 Aug 2021 04:05:58 +0000. Up 10.45 seconds.
[   10.572559] cloud-init[729]: ci-info: ++++++++++++++++++++++++++++++++++++++Net device info++++++++++++++++++++++++++++++++++++++
[   10.574528] cloud-init[729]: ci-info: +--------+-------+---------------------------+---------------+--------+-------------------+
[   10.576401] cloud-init[729]: ci-info: | Device |   Up  |          Address          |      Mask     | Scope  |     Hw-Address    |
[   10.580106] cloud-init[729]: ci-info: +--------+-------+---------------------------+---------------+--------+-------------------+
[   10.582478] cloud-init[729]: ci-info: | enp0s3 |  True |         10.0.2.15         | 255.255.255.0 | global | 02:bb:09:5e:a9:26 |
[   10.584108] cloud-init[729]: ci-info: | enp0s3 |  True | fe80::bb:9ff:fe5e:a926/64 |       .       |  link  | 02:bb:09:5e:a9:26 |
[   10.585617] cloud-init[729]: ci-info: | enp0s8 | False |             .             |       .       |   .    | 08:00:27:f6:87:e2 |
[   10.587146] cloud-init[729]: ci-info: |   lo   |  True |         127.0.0.1         |   255.0.0.0   |  host  |         .         |
[   10.588725] cloud-init[729]: ci-info: |   lo   |  True |          ::1/128          |       .       |  host  |         .         |
[   10.590652] cloud-init[729]: ci-info: +--------+-------+---------------------------+---------------+--------+-------------------+
[   10.592150] cloud-init[729]: ci-info: ++++++++++++++++++++++++++++Route IPv4 info+++++++++++++++++++++++++++++
[   10.593486] cloud-init[729]: ci-info: +-------+-------------+----------+-----------------+-----------+-------+
[   10.594827] cloud-init[729]: ci-info: | Route | Destination | Gateway  |     Genmask     | Interface | Flags |
[   10.598465] cloud-init[729]: ci-info: +-------+-------------+----------+-----------------+-----------+-------+
[   10.601101] cloud-init[729]: ci-info: |   0   |   0.0.0.0   | 10.0.2.2 |     0.0.0.0     |   enp0s3  |   UG  |
[   10.602429] cloud-init[729]: ci-info: |   1   |   10.0.2.0  | 0.0.0.0  |  255.255.255.0  |   enp0s3  |   U   |
[   10.603764] cloud-init[729]: ci-info: |   2   |   10.0.2.2  | 0.0.0.0  | 255.255.255.255 |   enp0s3  |   UH  |
[   10.605090] cloud-init[729]: ci-info: +-------+-------------+----------+-----------------+-----------+-------+
[   10.606383] cloud-init[729]: ci-info: +++++++++++++++++++Route IPv6 info+++++++++++++++++++
[   10.607512] cloud-init[729]: ci-info: +-------+-------------+---------+-----------+-------+
[   10.608622] cloud-init[729]: ci-info: | Route | Destination | Gateway | Interface | Flags |
[   10.609809] cloud-init[729]: ci-info: +-------+-------------+---------+-----------+-------+
[   10.610968] cloud-init[729]: ci-info: |   1   |  fe80::/64  |    ::   |   enp0s3  |   U   |
[   10.612299] cloud-init[729]: ci-info: |   3   |    local    |    ::   |   enp0s3  |   U   |
[   10.613661] cloud-init[729]: ci-info: |   4   |   ff00::/8  |    ::   |   enp0s3  |   U   |
[   10.614780] cloud-init[729]: ci-info: +-------+-------------+---------+-----------+-------+
[   11.321499] cloud-init[729]: Generating public/private rsa key pair.
[   11.322953] cloud-init[729]: Your identification has been saved in /etc/ssh/ssh_host_rsa_key.
[   11.324405] cloud-init[729]: Your public key has been saved in /etc/ssh/ssh_host_rsa_key.pub.
[   11.325678] cloud-init[729]: The key fingerprint is:
[   11.326418] cloud-init[729]: SHA256:bNlQBfWqkYlIb+o7VTeGzTojJn3bbAvIBHUdfcOCRkU root@ubuntu-bionic
[   11.327747] cloud-init[729]: The key's randomart image is:
[   11.328470] cloud-init[729]: +---[RSA 2048]----+
[   11.329181] cloud-init[729]: |        . =*BE.  |
[   11.329879] cloud-init[729]: |       . o o.o.o.|
[   11.330590] cloud-init[729]: |      o . .+  o..|
[   11.331283] cloud-init[729]: |     . = =oo*.   |
[   11.331962] cloud-init[729]: |      ..S.=+..   |
[   11.332660] cloud-init[729]: |      .*=.=o     |
[   11.333356] cloud-init[729]: |      .+ooo*     |
[   11.334018] cloud-init[729]: |     ..   ..+    |
[   11.334723] cloud-init[729]: |      oo   ...   |
[   11.335473] cloud-init[729]: +----[SHA256]-----+
[   11.336238] cloud-init[729]: Generating public/private dsa key pair.
[   11.337205] cloud-init[729]: Your identification has been saved in /etc/ssh/ssh_host_dsa_key.
[   11.338522] cloud-init[729]: Your public key has been saved in /etc/ssh/ssh_host_dsa_key.pub.
[   11.339702] cloud-init[729]: The key fingerprint is:
[   11.340401] cloud-init[729]: SHA256:0WBrd2HR2tBPcsu0FDP35pW9zMs/1IL//FAPYxRbCLQ root@ubuntu-bionic
[   11.341603] cloud-init[729]: The key's randomart image is:
[   11.342402] cloud-init[729]: +---[DSA 1024]----+
[   11.343103] cloud-init[729]: |        o  .*=.=+|
[   11.343863] cloud-init[729]: |       . + ..o=*X|
[   11.344699] cloud-init[729]: |        + o E+**B|
[   11.345437] cloud-init[729]: |       . o ...+*+|
[   11.346250] cloud-init[729]: |        S    .+++|
[   11.347118] cloud-init[729]: |            ..o=+|
[   11.348020] cloud-init[729]: |             .o+.|
[   11.349036] cloud-init[729]: |              .+.|
[   11.350026] cloud-init[729]: |               .B|
[   11.350868] cloud-init[729]: +----[SHA256]-----+
[   11.351812] cloud-init[729]: Generating public/private ecdsa key pair.
[   11.353028] cloud-init[729]: Your identification has been saved in /etc/ssh/ssh_host_ecdsa_key.
[   11.354611] cloud-init[729]: Your public key has been saved in /etc/ssh/ssh_host_ecdsa_key.pub.
[   11.356015] cloud-init[729]: The key fingerprint is:
[   11.356876] cloud-init[729]: SHA256:+IzZLD6mQEX4dCLnKWUIV10AAq3mhKlO32uOy2cNaQU root@ubuntu-bionic
[   11.358254] cloud-init[729]: The key's randomart image is:
[   11.359154] cloud-init[729]: +---[ECDSA 256]---+
[   11.359884] cloud-init[729]: |o+o++o.o.        |
[   11.360653] cloud-init[729]: | .=o*Eo          |
[   11.361759] cloud-init[729]: |.o O.+.          |
[   11.362572] cloud-init[729]: |+o..+  o         |
[   11.363638] cloud-init[729]: |= ..  + S        |
[   11.364703] cloud-init[729]: |.+   + B         |
[   11.365607] cloud-init[729]: |o o o * =        |
[   11.366532] cloud-init[729]: | ..o.*oo         |
[   11.367538] cloud-init[729]: |   +B=o.         |
[   11.368446] cloud-init[729]: +----[SHA256]-----+
[   11.369457] cloud-init[729]: Generating public/private ed25519 key pair.
[   11.370777] cloud-init[729]: Your identification has been saved in /etc/ssh/ssh_host_ed25519_key.
[   11.372497] cloud-init[729]: Your public key has been saved in /etc/ssh/ssh_host_ed25519_key.pub.
[   11.374212] cloud-init[729]: The key fingerprint is:
[   11.375176] cloud-init[729]: SHA256:lizWSxznmpKMztOC+xt8H7l/hNRZ4D/RxiQmr1oeaMw root@ubuntu-bionic
[   11.376719] cloud-init[729]: The key's randomart image is:
[   11.377765] cloud-init[729]: +--[ED25519 256]--+
[   11.378789] cloud-init[729]: |            o.o .|
[   11.379656] cloud-init[729]: |           . +.= |
[   11.380414] cloud-init[729]: |        . ...oo +|
[   11.381318] cloud-init[729]: |       + B..oo o |
[   11.382349] cloud-init[729]: |      o S.E.+ o  |
[   11.383183] cloud-init[729]: |   . + = *.+.. . |
[   11.384203] cloud-init[729]: |   .+.= * ...    |
[   11.385280] cloud-init[729]: |  .ooo.o o  .    |
[   11.386369] cloud-init[729]: |  .o=+  o...     |
[   11.387170] cloud-init[729]: +----[SHA256]-----+
[[0;32m  OK  [0m] Started Initial cloud-init job (metadata service crawler).
[[0;32m  OK  [0m] Reached target Network is Online.
[[0;32m  OK  [0m] Reached target Remote File Systems (Pre).
[[0;32m  OK  [0m] Reached target Remote File Systems.
         Starting Availability of block devices...
[[0;32m  OK  [0m] Reached target Cloud-config availability.
[[0;32m  OK  [0m] Reached target System Initialization.
[[0;32m  OK  [0m] Started ACPI Events Check.
[[0;32m  OK  [0m] Listening on D-Bus System Message Bus Socket.
[[0;32m  OK  [0m] Started Ubuntu Advantage update messaging.
[[0;32m  OK  [0m] Listening on Open-iSCSI iscsid Socket.
[[0;32m  OK  [0m] Started Discard unused blocks once a week.
[[0;32m  OK  [0m] Started Daily apt download activities.
[[0;32m  OK  [0m] Started Daily apt upgrade and clean activities.
[[0;32m  OK  [0m] Listening on ACPID Listen Socket.
         Starting Socket activation for snappy daemon.
[[0;32m  OK  [0m] Started Daily Cleanup of Temporary Directories.
[[0;32m  OK  [0m] Started Message of the Day.
[[0;32m  OK  [0m] Reached target Timers.
         Starting LXD - unix socket.
[[0;32m  OK  [0m] Listening on UUID daemon activation socket.
[[0;32m  OK  [0m] Reached target Paths.
[[0;32m  OK  [0m] Started Availability of block devices.
[[0;32m  OK  [0m] Listening on Socket activation for snappy daemon.
[[0;32m  OK  [0m] Listening on LXD - unix socket.
[[0;32m  OK  [0m] Reached target Sockets.
[[0;32m  OK  [0m] Reached target Basic System.
         Starting Pollinate to seed the pseudo random number generator...
[[0;32m  OK  [0m] Started D-Bus System Message Bus.
         Starting Permit User Sessions...
         Starting LSB: automatic crash report generation...
[[0;32m  OK  [0m] Started Deferred execution scheduler.
         Starting Accounts Service...
[[0;32m  OK  [0m] Started FUSE filesystem for LXC.
         Starting Dispatcher daemon for systemd-networkd...
         Starting LXD - container startup/shutdown...
[[0;32m  OK  [0m] Started Regular background program processing daemon.
[[0;32m  OK  [0m] Started irqbalance daemon.
         Starting LSB: Record successful boot for GRUB...
         Starting Login Service...
         Starting System Logging Service...
         Starting Virtualbox guest utils...
         Starting Snap Daemon...
[[0;32m  OK  [0m] Started Permit User Sessions.
[[0;32m  OK  [0m] Started System Logging Service.
[[0;32m  OK  [0m] Started Login Service.
[[0;32m  OK  [0m] Started Unattended Upgrades Shutdown.
         Starting Authorization Manager...
         Starting Terminate Plymouth Boot Screen...
         Starting Hold until boot process finishes up...
[[0;32m  OK  [0m] Started Hold until boot process finishes up.
[[0;32m  OK  [0m] Started Serial Getty on ttyS0.
         Starting Set console scheme...
[[0;32m  OK  [0m] Started Terminate Plymouth Boot Screen.
[[0;32m  OK  [0m] Started LSB: automatic crash report generation.
[[0;32m  OK  [0m] Started LSB: Record successful boot for GRUB.
[[0;32m  OK  [0m] Started Authorization Manager.
[[0;32m  OK  [0m] Started Accounts Service.
[[0;32m  OK  [0m] Started Set console scheme.
[[0;32m  OK  [0m] Created slice system-getty.slice.
[[0;32m  OK  [0m] Started Getty on tty1.
[[0;32m  OK  [0m] Reached target Login Prompts.
[[0;32m  OK  [0m] Started Virtualbox guest utils.
[[0;32m  OK  [0m] Started LXD - container startup/shutdown.
[[0;32m  OK  [0m] Started Dispatcher daemon for systemd-networkd.
[[0;32m  OK  [0m] Started Snap Daemon.
         Starting Wait until snapd is fully seeded...
[[0;32m  OK  [0m] Started Pollinate to seed the pseudo random number generator.
         Starting OpenBSD Secure Shell server...
[[0;32m  OK  [0m] Started OpenBSD Secure Shell server.
[[0;32m  OK  [0m] Created slice User Slice of vagrant.
         Starting User Manager for UID 1000...
[[0;32m  OK  [0m] Started Session 1 of user vagrant.
[[0;32m  OK  [0m] Started User Manager for UID 1000.
[[0;32m  OK  [0m] Started Wait until snapd is fully seeded.
         Starting Apply the settings specified in cloud-config...
[[0;32m  OK  [0m] Reached target Multi-User System.
[[0;32m  OK  [0m] Reached target Graphical Interface.
         Starting Update UTMP about System Runlevel Changes...
[[0;32m  OK  [0m] Started Update UTMP about System Runlevel Changes.
[   16.619407] cloud-init[1603]: Cloud-init v. 21.2-3-g899bfaa9-0ubuntu2~18.04.1 running 'modules:config' at Sat, 14 Aug 2021 04:06:03 +0000. Up 16.27 seconds.
[[0;32m  OK  [0m] Started Apply the settings specified in cloud-config.
         Starting Execute cloud user/final scripts...
ci-info: no authorized SSH keys fingerprints found for user ubuntu.
<14>Aug 14 04:06:04 cloud-init: #############################################################
<14>Aug 14 04:06:04 cloud-init: -----BEGIN SSH HOST KEY FINGERPRINTS-----
<14>Aug 14 04:06:04 cloud-init: 1024 SHA256:0WBrd2HR2tBPcsu0FDP35pW9zMs/1IL//FAPYxRbCLQ root@ubuntu-bionic (DSA)
<14>Aug 14 04:06:04 cloud-init: 256 SHA256:+IzZLD6mQEX4dCLnKWUIV10AAq3mhKlO32uOy2cNaQU root@ubuntu-bionic (ECDSA)
<14>Aug 14 04:06:04 cloud-init: 256 SHA256:lizWSxznmpKMztOC+xt8H7l/hNRZ4D/RxiQmr1oeaMw root@ubuntu-bionic (ED25519)
<14>Aug 14 04:06:04 cloud-init: 2048 SHA256:bNlQBfWqkYlIb+o7VTeGzTojJn3bbAvIBHUdfcOCRkU root@ubuntu-bionic (RSA)
<14>Aug 14 04:06:04 cloud-init: -----END SSH HOST KEY FINGERPRINTS-----
<14>Aug 14 04:06:04 cloud-init: #############################################################
-----BEGIN SSH HOST KEY KEYS-----
ecdsa-sha2-nistp256 AAAAE2VjZHNhLXNoYTItbmlzdHAyNTYAAAAIbmlzdHAyNTYAAABBBM2O11BXj91JEgmoQA8QbbDRO5oWVfcspdyHa2W6ZKdDGHzg61iNb9ibIo1pGJouRkmCCj4C6JyOj8dpTGiHqek= root@ubuntu-bionic
ssh-ed25519 AAAAC3NzaC1lZDI1NTE5AAAAINBpNKE2hHT8T/X4lQh8QIBILME8YZU4bY2NdXnh0w9r root@ubuntu-bionic
ssh-rsa AAAAB3NzaC1yc2EAAAADAQABAAABAQCzu7Yp6rxZrR+ywygoL1rvM+K7tQs3hqZDYpp4Bn/XNHfo5Cl/Cjik0qWHWHU+rLfQF249MFqyQ7SRob/9f7rtcm6xxm9CKfyNzcZx3u+dQ18oTkwNxiR8X0B/EjdcZ50FmU7bt06IpUZKgIs+XzVIYqSVJpK4ILLnmUg6bJK3qdg/0WRrOXhU6HCZJRHoUSld4ikOA4AYRf2BK9eEj1VNTr3Xf/9VK8tWJyBGlVujOVPPvn0/eHADTsPunI95lFdAkP6oEZCpWsAW6GmwhHIWSsZmAQDhawfut4ZbTLHtVdj7LyvAuUMyL65s0uLEkPz1G8/qqYoFBkt1mogDHC6N root@ubuntu-bionic
-----END SSH HOST KEY KEYS-----
[   17.120005] cloud-init[1694]: Cloud-init v. 21.2-3-g899bfaa9-0ubuntu2~18.04.1 running 'modules:final' at Sat, 14 Aug 2021 04:06:04 +0000. Up 17.00 seconds.
[   17.120069] cloud-init[1694]: ci-info: no authorized SSH keys fingerprints found for user ubuntu.
[   17.120095] cloud-init[1694]: Cloud-init v. 21.2-3-g899bfaa9-0ubuntu2~18.04.1 finished at Sat, 14 Aug 2021 04:06:04 +0000. Datasource DataSourceNoCloud [seed=/dev/sdb][dsmode=net].  Up 17.11 seconds

Ubuntu 18.04.5 LTS ubuntu-bionic ttyS0

ubuntu-bionic login: 